    OpenRGB v0.7
    Commit: 6128731df697e116d04ea2644c46c268a5cd3448 from 2021-12-30 00:45:07 -0600
    Launched: 20220813_214252
====================================================================================================

0     |Info:    Found file: eafin.orp attempting to validate header
0     |Info:    Valid v3 profile found for eafin
1001  |Info:    ------------------------------------------------------
1001  |Info:    |               Start device detection               |
1001  |Info:    ------------------------------------------------------
1001  |Info:    Initializing HID interfaces: Success
1002  |Info:    ------------------------------------------------------
1002  |Info:    |             Detecting I2C interfaces               |
1002  |Info:    ------------------------------------------------------
1002  |Info:    Registering I2C interface: /dev/i2c-3 Device 1022:790B Subsystem: 1043:1602
1002  |Info:    Registering I2C interface: /dev/i2c-8 Device 10DE:25A0 Subsystem: 1043:10DC
1002  |Info:    Registering I2C interface: /dev/i2c-4 Device 1022:790B Subsystem: 1043:1602
1002  |Info:    Registering I2C interface: /dev/i2c-ASUE120A:00 Device 0000:0000 Subsystem: 0000:0000
1002  |Info:    Registering I2C interface: /dev/i2c-9 Device 10DE:25A0 Subsystem: 1043:10DC
1002  |Info:    Registering I2C interface: /dev/i2c-5 Device 1002:1638 Subsystem: 1043:10DC
1002  |Info:    ------------------------------------------------------
1002  |Info:    |               Detecting I2C devices                |
1002  |Info:    ------------------------------------------------------
1002  |Info:    ------------------------------------------------------
1002  |Info:    |               Detecting HID devices                |
1002  |Info:    ------------------------------------------------------
1002  |Info:    ------------------------------------------------------
1002  |Info:    |              Detecting other devices               |
1002  |Info:    ------------------------------------------------------
1002  |Info:    ------------------------------------------------------
1002  |Info:    |                Detection completed                 |
1002  |Info:    ------------------------------------------------------
1002  |Dialog:  <h2>WARNING:</h2><p>One or more I2C/SMBus interfaces failed to initialize.</p><p>RGB DRAM modules and some motherboards' onboard RGB lighting will not be available without I2C/SMBus.</p><p>On Linux, this is usually because the i2c-dev module is not loaded.  You must load the i2c-dev module along with the correct i2c driver for your motherboard.  This is usually i2c-piix4 for AMD systems and i2c-i801 for Intel systems.</p><p>See <a href='https://help.openrgb.org/'>help.openrgb.org</a> for additional troubleshooting steps if you keep seeing this message.<br></p>
